TN:
SF:client/src/App.jsx
FN:8,App
FN:26,fetchProductID
FN:33,fetchProduct
FN:39,fetchStyles
FN:46,fetchReviews
FN:57,fetchQuestions
FNF:6
FNH:2
FNDA:1,App
FNDA:1,fetchProductID
FNDA:0,fetchProduct
FNDA:0,fetchStyles
FNDA:0,fetchReviews
FNDA:0,fetchQuestions
DA:1,1
DA:2,1
DA:3,1
DA:4,1
DA:5,1
DA:6,1
DA:7,1
DA:8,1
DA:9,1
DA:10,1
DA:11,1
DA:12,1
DA:13,1
DA:14,1
DA:15,1
DA:16,1
DA:17,1
DA:18,1
DA:19,1
DA:20,1
DA:21,1
DA:22,1
DA:23,1
DA:24,1
DA:25,1
DA:26,1
DA:27,1
DA:28,1
DA:29,1
DA:30,1
DA:31,1
DA:32,1
DA:33,1
DA:34,0
DA:35,0
DA:36,0
DA:37,0
DA:38,1
DA:39,1
DA:40,0
DA:41,0
DA:42,0
DA:43,0
DA:44,1
DA:45,1
DA:46,1
DA:47,0
DA:48,0
DA:49,0
DA:50,0
DA:51,0
DA:52,0
DA:53,0
DA:54,0
DA:55,0
DA:56,1
DA:57,1
DA:58,0
DA:59,0
DA:60,0
DA:61,0
DA:62,1
DA:63,1
DA:64,1
DA:65,1
DA:66,1
DA:67,1
DA:68,1
DA:69,1
DA:70,0
DA:71,0
DA:72,0
DA:73,0
DA:74,0
DA:75,1
DA:76,1
DA:77,1
DA:78,1
DA:79,1
DA:80,1
DA:81,1
DA:82,1
DA:83,1
DA:84,0
DA:85,0
DA:86,0
DA:87,0
DA:88,0
DA:89,0
DA:90,0
DA:91,0
DA:92,0
DA:93,0
DA:94,0
DA:95,0
DA:96,0
DA:97,0
DA:98,0
DA:99,0
DA:100,0
DA:101,0
LF:101
LH:57
BRDA:8,0,0,1
BRDA:78,1,0,0
BRDA:78,2,0,0
BRDA:78,3,0,0
BRDA:78,4,0,0
BRDA:84,5,0,0
BRDA:26,6,0,1
BRDA:64,7,0,1
BRDA:68,8,0,1
BRDA:69,9,0,0
BRF:10
BRH:4
end_of_record
TN:
SF:client/src/context.js
FNF:0
FNH:0
DA:1,1
DA:2,1
DA:3,1
DA:4,1
DA:5,1
LF:5
LH:5
BRF:0
BRH:0
end_of_record
TN:
SF:client/src/components/Overview/FeaturesContainer.jsx
FN:4,FeaturesContainer
FNF:1
FNH:0
FNDA:0,FeaturesContainer
DA:1,1
DA:2,1
DA:3,1
DA:4,1
DA:5,0
DA:6,0
DA:7,0
DA:8,0
DA:9,0
DA:10,0
DA:11,0
DA:12,0
DA:13,0
DA:14,0
DA:15,0
DA:16,0
DA:17,0
DA:18,0
DA:19,0
DA:20,0
DA:21,0
LF:21
LH:4
BRF:0
BRH:0
end_of_record
TN:
SF:client/src/components/Overview/ImageGallery.jsx
FN:4,ImageGallery
FNF:1
FNH:0
FNDA:0,ImageGallery
DA:1,1
DA:2,1
DA:3,1
DA:4,1
DA:5,0
DA:6,0
DA:7,0
DA:8,0
DA:9,0
DA:10,0
DA:11,0
LF:11
LH:4
BRF:0
BRH:0
end_of_record
TN:
SF:client/src/components/Overview/Overview.jsx
FN:9,Overview
FNF:1
FNH:0
FNDA:0,Overview
DA:1,1
DA:2,1
DA:3,1
DA:4,1
DA:5,1
DA:6,1
DA:7,1
DA:8,1
DA:9,1
DA:10,0
DA:11,0
DA:12,0
DA:13,0
DA:14,0
DA:15,0
DA:16,0
DA:17,0
DA:18,0
DA:19,0
DA:20,0
DA:21,0
DA:22,0
DA:23,0
DA:24,0
DA:25,0
DA:26,0
DA:27,0
DA:28,0
LF:28
LH:9
BRF:0
BRH:0
end_of_record
TN:
SF:client/src/components/Overview/ProductDetails.jsx
FN:4,ProductDetails
FNF:1
FNH:0
FNDA:0,ProductDetails
DA:1,1
DA:2,1
DA:3,1
DA:4,1
DA:5,0
DA:6,0
DA:7,0
DA:8,0
DA:9,0
DA:10,0
DA:11,0
DA:12,0
LF:12
LH:4
BRF:0
BRH:0
end_of_record
